<?xml version="1.0" encoding="UTF-8"?>
<testsuite name="temp" tests="1" skipped="0" failures="0" errors="0" timestamp="2022-05-24T21:16:03" hostname="DESKTOP-UR3RQCU" time="0.005">
  <properties/>
  <testcase name="temp" classname="temp" time="0.005"/>
  <system-out><![CDATA[]]></system-out>
  <system-err><![CDATA[]]></system-err>
</testsuite>
